<?xml version="1.0" encoding="UTF-8"?>
<!-- Generated by org.testng.reporters.JUnitXMLReporter -->
<testsuite hostname="LAPTOP-ROTMC3G5" ignored="4" name="Decimal Patches Test" tests="1" failures="0" timestamp="2021-09-15T23:42:59 BST" time="0.003" errors="0">
  <testcase name="@BeforeMethod setReporter" time="0.001" classname="test.com.controller.Runner">
    <failure type="java.lang.NullPointerException">
      <![CDATA[java.lang.NullPointerException
at test.com.controller.ExtentUtils.setTest(ExtentUtils.java:31)
at test.com.controller.Runner.setReporter(Runner.java:24)
at java.util.concurrent.ThreadPoolExecutor.runWorker(ThreadPoolExecutor.java:1149)
at java.util.concurrent.ThreadPoolExecutor$Worker.run(ThreadPoolExecutor.java:624)
at java.lang.Thread.run(Thread.java:748)
... Removed 16 stack frames]]>
    </failure>
  </testcase> <!-- @BeforeMethod setReporter -->
  <testcase name="@AfterMethod flushReporter" time="-1.631745779824E9" classname="test.com.controller.Runner">
    <skipped/>
  </testcase> <!-- @AfterMethod flushReporter -->
  <testcase name="decimalPatchesTest" time="0.0" classname="test.com.tests.cleaningsessions.PositiveTests">
    <skipped/>
  </testcase> <!-- decimalPatchesTest -->
  <testcase name="testRoboAtDecimalPosition" time="0.0" classname="test.com.tests.cleaningsessions.PositiveTests">
    <ignored/>
  </testcase> <!-- testRoboAtDecimalPosition -->
  <testcase name="testRectangularRoom" time="0.0" classname="test.com.tests.cleaningsessions.PositiveTests">
    <ignored/>
  </testcase> <!-- testRectangularRoom -->
  <testcase name="testBaseCase" time="0.0" classname="test.com.tests.cleaningsessions.PositiveTests">
    <ignored/>
  </testcase> <!-- testBaseCase -->
  <testcase name="repeatedPatchesTest" time="0.0" classname="test.com.tests.cleaningsessions.PositiveTests">
    <ignored/>
  </testcase> <!-- repeatedPatchesTest -->
</testsuite> <!-- Decimal Patches Test -->
