<?xml version="1.0" encoding="UTF-8"?>
<!-- Generated by org.testng.reporters.JUnitXMLReporter -->
<testsuite hostname="LAPTOP-ROTMC3G5" ignored="4" name="Decimal Patches Test" tests="1" failures="0" timestamp="2021-09-15T21:21:00 BST" time="0.078" errors="0">
  <testcase name="decimalPatchesTest" time="0.05" classname="test.com.tests.cleaningsessions.PositiveTests"/>
  <testcase name="testRoboAtDecimalPosition" time="0.0" classname="test.com.tests.cleaningsessions.PositiveTests">
    <ignored/>
  </testcase> <!-- testRoboAtDecimalPosition -->
  <testcase name="testRectangularRoom" time="0.0" classname="test.com.tests.cleaningsessions.PositiveTests">
    <ignored/>
  </testcase> <!-- testRectangularRoom -->
  <testcase name="testBaseCase" time="0.0" classname="test.com.tests.cleaningsessions.PositiveTests">
    <ignored/>
  </testcase> <!-- testBaseCase -->
  <testcase name="repeatedPatchesTest" time="0.0" classname="test.com.tests.cleaningsessions.PositiveTests">
    <ignored/>
  </testcase> <!-- repeatedPatchesTest -->
</testsuite> <!-- Decimal Patches Test -->
