<?xml version="1.0" encoding="UTF-8"?>
<!-- Generated by org.testng.reporters.JUnitXMLReporter -->
<testsuite hostname="LAPTOP-ROTMC3G5" ignored="4" name="Intermidetiate Position Test" tests="1" failures="0" timestamp="2021-09-15T21:21:00 BST" time="0.081" errors="0">
  <testcase name="testRoboAtDecimalPosition" time="0.048" classname="test.com.tests.cleaningsessions.PositiveTests"/>
  <testcase name="decimalPatchesTest" time="0.0" classname="test.com.tests.cleaningsessions.PositiveTests">
    <ignored/>
  </testcase> <!-- decimalPatchesTest -->
  <testcase name="testRectangularRoom" time="0.0" classname="test.com.tests.cleaningsessions.PositiveTests">
    <ignored/>
  </testcase> <!-- testRectangularRoom -->
  <testcase name="testBaseCase" time="0.0" classname="test.com.tests.cleaningsessions.PositiveTests">
    <ignored/>
  </testcase> <!-- testBaseCase -->
  <testcase name="repeatedPatchesTest" time="0.0" classname="test.com.tests.cleaningsessions.PositiveTests">
    <ignored/>
  </testcase> <!-- repeatedPatchesTest -->
</testsuite> <!-- Intermidetiate Position Test -->
