<?xml version="1.0" encoding="UTF-8"?>
<!-- Generated by org.testng.reporters.JUnitXMLReporter -->
<testsuite hostname="LAPTOP-ROTMC3G5" ignored="8" name="Negative Position Test" tests="1" failures="0" timestamp="2021-09-15T21:21:00 BST" time="0.037" errors="0">
  <testcase name="position_NegativeCoords" time="0.017" classname="test.com.tests.cleaningsessions.NegativeTests"/>
  <testcase name="robo_CannotClean_OutsideRoom" time="0.0" classname="test.com.tests.cleaningsessions.NegativeTests">
    <ignored/>
  </testcase> <!-- robo_CannotClean_OutsideRoom -->
  <testcase name="pathAtTopRightCornerOfRoom" time="0.0" classname="test.com.tests.cleaningsessions.NegativeTests">
    <ignored/>
  </testcase> <!-- pathAtTopRightCornerOfRoom -->
  <testcase name="multi_roomDimensions" time="0.0" classname="test.com.tests.cleaningsessions.NegativeTests">
    <ignored/>
  </testcase> <!-- multi_roomDimensions -->
  <testcase name="timeStamp_InvalidTest" time="0.0" classname="test.com.tests.cleaningsessions.NegativeTests">
    <ignored/>
  </testcase> <!-- timeStamp_InvalidTest -->
  <testcase name="position_Yaxis_GTRoom" time="0.0" classname="test.com.tests.cleaningsessions.NegativeTests">
    <ignored/>
  </testcase> <!-- position_Yaxis_GTRoom -->
  <testcase name="robo_MultiplePositions" time="0.0" classname="test.com.tests.cleaningsessions.NegativeTests">
    <ignored/>
  </testcase> <!-- robo_MultiplePositions -->
  <testcase name="negative_RoomSize" time="0.0" classname="test.com.tests.cleaningsessions.NegativeTests">
    <ignored/>
  </testcase> <!-- negative_RoomSize -->
  <testcase name="invalid_PositionDataTypes" time="0.0" classname="test.com.tests.cleaningsessions.NegativeTests">
    <ignored/>
  </testcase> <!-- invalid_PositionDataTypes -->
</testsuite> <!-- Negative Position Test -->
