<?xml version="1.0" encoding="UTF-8"?>
<!-- Generated by org.testng.reporters.JUnitXMLReporter -->
<testsuite hostname="LAPTOP-ROTMC3G5" ignored="8" name="Negative Position Test" tests="1" failures="0" timestamp="2021-09-15T23:42:59 BST" time="0.003" errors="0">
  <testcase name="@BeforeMethod setReporter" time="0.0" classname="test.com.controller.Runner">
    <failure type="java.lang.NullPointerException">
      <![CDATA[java.lang.NullPointerException
at test.com.controller.ExtentUtils.setTest(ExtentUtils.java:31)
at test.com.controller.Runner.setReporter(Runner.java:24)
at java.util.concurrent.ThreadPoolExecutor.runWorker(ThreadPoolExecutor.java:1149)
at java.util.concurrent.ThreadPoolExecutor$Worker.run(ThreadPoolExecutor.java:624)
at java.lang.Thread.run(Thread.java:748)
... Removed 16 stack frames]]>
    </failure>
  </testcase> <!-- @BeforeMethod setReporter -->
  <testcase name="@AfterMethod flushReporter" time="-1.631745779869E9" classname="test.com.controller.Runner">
    <skipped/>
  </testcase> <!-- @AfterMethod flushReporter -->
  <testcase name="position_NegativeCoords" time="0.0" classname="test.com.tests.cleaningsessions.NegativeTests">
    <skipped/>
  </testcase> <!-- position_NegativeCoords -->
  <testcase name="robo_CannotClean_OutsideRoom" time="0.0" classname="test.com.tests.cleaningsessions.NegativeTests">
    <ignored/>
  </testcase> <!-- robo_CannotClean_OutsideRoom -->
  <testcase name="pathAtTopRightCornerOfRoom" time="0.0" classname="test.com.tests.cleaningsessions.NegativeTests">
    <ignored/>
  </testcase> <!-- pathAtTopRightCornerOfRoom -->
  <testcase name="multi_roomDimensions" time="0.0" classname="test.com.tests.cleaningsessions.NegativeTests">
    <ignored/>
  </testcase> <!-- multi_roomDimensions -->
  <testcase name="timeStamp_InvalidTest" time="0.0" classname="test.com.tests.cleaningsessions.NegativeTests">
    <ignored/>
  </testcase> <!-- timeStamp_InvalidTest -->
  <testcase name="position_Yaxis_GTRoom" time="0.0" classname="test.com.tests.cleaningsessions.NegativeTests">
    <ignored/>
  </testcase> <!-- position_Yaxis_GTRoom -->
  <testcase name="robo_MultiplePositions" time="0.0" classname="test.com.tests.cleaningsessions.NegativeTests">
    <ignored/>
  </testcase> <!-- robo_MultiplePositions -->
  <testcase name="negative_RoomSize" time="0.0" classname="test.com.tests.cleaningsessions.NegativeTests">
    <ignored/>
  </testcase> <!-- negative_RoomSize -->
  <testcase name="invalid_PositionDataTypes" time="0.0" classname="test.com.tests.cleaningsessions.NegativeTests">
    <ignored/>
  </testcase> <!-- invalid_PositionDataTypes -->
</testsuite> <!-- Negative Position Test -->
