<?xml version="1.0" encoding="UTF-8"?>
<testsuite xmlns:xsi="http://www.w3.org/2001/XMLSchema-instance" xsi:noNamespaceSchemaLocation="https://maven.apache.org/surefire/maven-surefire-plugin/xsd/surefire-test-report-3.0.xsd" version="3.0" name="TestSuite" time="1.756" tests="42" errors="0" skipped="28" failures="14">
  <properties>
[...]
</properties>
  <testcase name="setReporter[org.testng.TestRunner@7884031f](0)" classname="test.com.tests.cleaningsessions.PositiveTests" time="1.3">
    <failure type="java.lang.NullPointerException"><![CDATA[java.lang.NullPointerException
]]></failure>
    <system-out><![CDATA[repo object::test.com.controller.ExtentUtils@453da22c
]]></system-out>
  </testcase>
  <testcase name="testBaseCase[[Ljava.lang.String;@23367705](1)" classname="test.com.tests.cleaningsessions.PositiveTests" time="0">
    <skipped/>
  </testcase>
  <testcase name="flushReporter" classname="test.com.tests.cleaningsessions.PositiveTests" time="0">
    <skipped/>
  </testcase>
  <testcase name="flushReporter" classname="test.com.tests.cleaningsessions.PositiveTests" time="0">
    <skipped/>
  </testcase>
  <testcase name="flushReporter" classname="test.com.tests.cleaningsessions.PositiveTests" time="0">
    <skipped/>
  </testcase>
  <testcase name="flushReporter" classname="test.com.tests.cleaningsessions.PositiveTests" time="0">
    <skipped/>
  </testcase>
  <testcase name="flushReporter" classname="test.com.tests.cleaningsessions.PositiveTests" time="0">
    <skipped/>
  </testcase>
  <testcase name="setReporter[org.testng.TestRunner@2dd8444f](0)" classname="test.com.tests.cleaningsessions.PositiveTests" time="0.027">
    <failure type="java.lang.NullPointerException"><![CDATA[java.lang.NullPointerException
]]></failure>
  </testcase>
  <testcase name="testRectangularRoom[[Ljava.lang.String;@1cbfcecf](1)" classname="test.com.tests.cleaningsessions.PositiveTests" time="0">
    <skipped/>
  </testcase>
  <testcase name="setReporter[org.testng.TestRunner@66e9364d](0)" classname="test.com.tests.cleaningsessions.PositiveTests" time="0.013">
    <failure type="java.lang.NullPointerException"><![CDATA[java.lang.NullPointerException
]]></failure>
  </testcase>
  <testcase name="testRoboAtDecimalPosition[[Ljava.lang.String;@57455687](1)" classname="test.com.tests.cleaningsessions.PositiveTests" time="0">
    <skipped/>
  </testcase>
  <testcase name="setReporter[org.testng.TestRunner@35f7f732](0)" classname="test.com.tests.cleaningsessions.PositiveTests" time="0.01">
    <failure type="java.lang.NullPointerException"><![CDATA[java.lang.NullPointerException
]]></failure>
  </testcase>
  <testcase name="repeatedPatchesTest[[Ljava.lang.String;@4884225](1)" classname="test.com.tests.cleaningsessions.PositiveTests" time="0">
    <skipped/>
  </testcase>
  <testcase name="setReporter[org.testng.TestRunner@65b0e151](0)" classname="test.com.tests.cleaningsessions.PositiveTests" time="0.01">
    <failure type="java.lang.NullPointerException"><![CDATA[java.lang.NullPointerException
]]></failure>
  </testcase>
  <testcase name="decimalPatchesTest[[Ljava.lang.String;@549f431d](1)" classname="test.com.tests.cleaningsessions.PositiveTests" time="0">
    <skipped/>
  </testcase>
  <testcase name="setReporter[org.testng.TestRunner@352c6f9c](0)" classname="test.com.tests.cleaningsessions.NegativeTests" time="0.011">
    <failure type="java.lang.NullPointerException"><![CDATA[java.lang.NullPointerException
]]></failure>
  </testcase>
  <testcase name="negative_RoomSize[[Ljava.lang.String;@45319d0](1)" classname="test.com.tests.cleaningsessions.NegativeTests" time="0">
    <skipped/>
  </testcase>
  <testcase name="flushReporter" classname="test.com.tests.cleaningsessions.NegativeTests" time="0">
    <skipped/>
  </testcase>
  <testcase name="flushReporter" classname="test.com.tests.cleaningsessions.NegativeTests" time="0">
    <skipped/>
  </testcase>
  <testcase name="flushReporter" classname="test.com.tests.cleaningsessions.NegativeTests" time="0">
    <skipped/>
  </testcase>
  <testcase name="flushReporter" classname="test.com.tests.cleaningsessions.NegativeTests" time="0">
    <skipped/>
  </testcase>
  <testcase name="flushReporter" classname="test.com.tests.cleaningsessions.NegativeTests" time="0">
    <skipped/>
  </testcase>
  <testcase name="flushReporter" classname="test.com.tests.cleaningsessions.NegativeTests" time="0">
    <skipped/>
  </testcase>
  <testcase name="flushReporter" classname="test.com.tests.cleaningsessions.NegativeTests" time="0">
    <skipped/>
  </testcase>
  <testcase name="flushReporter" classname="test.com.tests.cleaningsessions.NegativeTests" time="0">
    <skipped/>
  </testcase>
  <testcase name="flushReporter" classname="test.com.tests.cleaningsessions.NegativeTests" time="0">
    <skipped/>
  </testcase>
  <testcase name="setReporter[org.testng.TestRunner@655595ef](0)" classname="test.com.tests.cleaningsessions.NegativeTests" time="0.012">
    <failure type="java.lang.NullPointerException"><![CDATA[java.lang.NullPointerException
]]></failure>
  </testcase>
  <testcase name="multi_roomDimensions[[Ljava.lang.String;@547ad232](1)" classname="test.com.tests.cleaningsessions.NegativeTests" time="0">
    <skipped/>
  </testcase>
  <testcase name="setReporter[org.testng.TestRunner@497a7c86](0)" classname="test.com.tests.cleaningsessions.NegativeTests" time="0.009">
    <failure type="java.lang.NullPointerException"><![CDATA[java.lang.NullPointerException
]]></failure>
  </testcase>
  <testcase name="position_Yaxis_GTRoom[[Ljava.lang.String;@78f9b080](1)" classname="test.com.tests.cleaningsessions.NegativeTests" time="0">
    <skipped/>
  </testcase>
  <testcase name="setReporter[org.testng.TestRunner@7ab681ed](0)" classname="test.com.tests.cleaningsessions.NegativeTests" time="0.011">
    <failure type="java.lang.NullPointerException"><![CDATA[java.lang.NullPointerException
]]></failure>
  </testcase>
  <testcase name="position_NegativeCoords[[Ljava.lang.String;@4b863ac4](1)" classname="test.com.tests.cleaningsessions.NegativeTests" time="0">
    <skipped/>
  </testcase>
  <testcase name="setReporter[org.testng.TestRunner@829e727](0)" classname="test.com.tests.cleaningsessions.NegativeTests" time="0.012">
    <failure type="java.lang.NullPointerException"><![CDATA[java.lang.NullPointerException
]]></failure>
  </testcase>
  <testcase name="invalid_PositionDataTypes[[Ljava.lang.String;@396ba9e1](1)" classname="test.com.tests.cleaningsessions.NegativeTests" time="0">
    <skipped/>
  </testcase>
  <testcase name="setReporter[org.testng.TestRunner@44c3c5ac](0)" classname="test.com.tests.cleaningsessions.NegativeTests" time="0.01">
    <failure type="java.lang.NullPointerException"><![CDATA[java.lang.NullPointerException
]]></failure>
  </testcase>
  <testcase name="robo_MultiplePositions[[Ljava.lang.String;@75cd25a3](1)" classname="test.com.tests.cleaningsessions.NegativeTests" time="0">
    <skipped/>
  </testcase>
  <testcase name="setReporter[org.testng.TestRunner@3c69e66f](0)" classname="test.com.tests.cleaningsessions.NegativeTests" time="0.01">
    <failure type="java.lang.NullPointerException"><![CDATA[java.lang.NullPointerException
]]></failure>
  </testcase>
  <testcase name="pathAtTopRightCornerOfRoom[[Ljava.lang.String;@d1fdcee](1)" classname="test.com.tests.cleaningsessions.NegativeTests" time="0">
    <skipped/>
  </testcase>
  <testcase name="setReporter[org.testng.TestRunner@105eb090](0)" classname="test.com.tests.cleaningsessions.NegativeTests" time="0.013">
    <failure type="java.lang.NullPointerException"><![CDATA[java.lang.NullPointerException
]]></failure>
  </testcase>
  <testcase name="robo_CannotClean_OutsideRoom[[Ljava.lang.String;@21840175](1)" classname="test.com.tests.cleaningsessions.NegativeTests" time="0">
    <skipped/>
  </testcase>
  <testcase name="setReporter[org.testng.TestRunner@42006732](0)" classname="test.com.tests.cleaningsessions.NegativeTests" time="0.009">
    <failure type="java.lang.NullPointerException"><![CDATA[java.lang.NullPointerException
]]></failure>
  </testcase>
  <testcase name="timeStamp_InvalidTest[[Ljava.lang.String;@7388c24c](1)" classname="test.com.tests.cleaningsessions.NegativeTests" time="0">
    <skipped/>
  </testcase>
</testsuite>