<?xml version="1.0" encoding="UTF-8"?>
<testsuite xmlns:xsi="http://www.w3.org/2001/XMLSchema-instance" xsi:noNamespaceSchemaLocation="https://maven.apache.org/surefire/maven-surefire-plugin/xsd/surefire-test-report-3.0.xsd" version="3.0" name="TestSuite" time="4.586" tests="14" errors="0" skipped="0" failures="0">
  <properties>
[...]
</properties>
  <testcase name="testBaseCase[[Ljava.lang.String;@33bc72d1](1)" classname="test.com.tests.cleaningsessions.PositiveTests" time="2.066"/>
  <testcase name="testRectangularRoom[[Ljava.lang.String;@6fd5717c](1)" classname="test.com.tests.cleaningsessions.PositiveTests" time="0.051"/>
  <testcase name="testRoboAtDecimalPosition[[Ljava.lang.String;@7ce7e83c](1)" classname="test.com.tests.cleaningsessions.PositiveTests" time="0.049"/>
  <testcase name="repeatedPatchesTest[[Ljava.lang.String;@23811a09](1)" classname="test.com.tests.cleaningsessions.PositiveTests" time="0.047"/>
  <testcase name="decimalPatchesTest[[Ljava.lang.String;@75e710b](1)" classname="test.com.tests.cleaningsessions.PositiveTests" time="0.049"/>
  <testcase name="negative_RoomSize[[Ljava.lang.String;@31133b6e](1)" classname="test.com.tests.cleaningsessions.NegativeTests" time="0.028"/>
  <testcase name="multi_roomDimensions[[Ljava.lang.String;@7de843ef](1)" classname="test.com.tests.cleaningsessions.NegativeTests" time="0.016"/>
  <testcase name="position_Yaxis_GTRoom[[Ljava.lang.String;@1b7cae6f](1)" classname="test.com.tests.cleaningsessions.NegativeTests" time="0.025"/>
  <testcase name="position_NegativeCoords[[Ljava.lang.String;@442f92e6](1)" classname="test.com.tests.cleaningsessions.NegativeTests" time="0.017"/>
  <testcase name="invalid_PositionDataTypes[[Ljava.lang.String;@342726f1](1)" classname="test.com.tests.cleaningsessions.NegativeTests" time="0.014"/>
  <testcase name="robo_MultiplePositions[[Ljava.lang.String;@4ab550d5](1)" classname="test.com.tests.cleaningsessions.NegativeTests" time="0.017"/>
  <testcase name="pathAtTopRightCornerOfRoom[[Ljava.lang.String;@65ec8b24](1)" classname="test.com.tests.cleaningsessions.NegativeTests" time="0.015"/>
  <testcase name="robo_CannotClean_OutsideRoom[[Ljava.lang.String;@7aead3af](1)" classname="test.com.tests.cleaningsessions.NegativeTests" time="0.012"/>
  <testcase name="timeStamp_InvalidTest[[Ljava.lang.String;@4038cd3a](1)" classname="test.com.tests.cleaningsessions.NegativeTests" time="0.037"/>
</testsuite>